25-11-18 17:31:55 - [INFO] - eda_insights - Removed customer_id from dataset
25-11-18 17:31:55 - [INFO] - eda_insights - Loaded clean master dataset: clean_merge_dataset\clean_master_data.csv | Shape: (380336, 11)
25-11-18 17:31:55 - [INFO] - eda_insights - Starting EDA analysis...
25-11-18 17:31:55 - [INFO] - eda_insights - Generating specific insights...
25-11-18 17:31:55 - [INFO] - eda_insights - Saved gender-wise premium analysis
25-11-18 17:31:56 - [INFO] - eda_insights - Saved age-wise premium analysis
25-11-18 17:31:56 - [INFO] - eda_insights - Saved gender balance analysis
25-11-18 17:31:56 - [INFO] - eda_insights - Saved vehicle age-wise premium analysis
25-11-18 17:31:57 - [INFO] - eda_insights - Saved response rate by vehicle damage analysis
25-11-18 17:31:58 - [INFO] - eda_insights - Saved premium by previous insurance analysis
25-11-18 17:31:59 - [INFO] - eda_insights - Saved all sales channel performance plots separately
25-11-18 17:32:02 - [INFO] - eda_insights - Saved distribution plot: eda_visuals\dist_age.png
25-11-18 17:32:06 - [INFO] - eda_insights - Saved distribution plot: eda_visuals\dist_driving_licence_present.png
25-11-18 17:32:09 - [INFO] - eda_insights - Saved distribution plot: eda_visuals\dist_region_code.png
25-11-18 17:32:11 - [INFO] - eda_insights - Saved distribution plot: eda_visuals\dist_previously_insured.png
25-11-18 17:32:14 - [INFO] - eda_insights - Saved distribution plot: eda_visuals\dist_vehicle_age.png
25-11-18 17:32:16 - [INFO] - eda_insights - Saved distribution plot: eda_visuals\dist_annual_premium [in Rs].png
25-11-18 17:32:19 - [INFO] - eda_insights - Saved distribution plot: eda_visuals\dist_sales_channel_code.png
25-11-18 17:32:21 - [INFO] - eda_insights - Saved distribution plot: eda_visuals\dist_vintage.png
25-11-18 17:32:24 - [INFO] - eda_insights - Saved distribution plot: eda_visuals\dist_response.png
25-11-18 17:32:25 - [INFO] - eda_insights - Saved bar chart: eda_visuals\bar_age_group.png
25-11-18 17:32:25 - [INFO] - eda_insights - Dashboard generated successfully.
25-11-18 17:32:25 - [INFO] - eda_insights - KPI calculations complete.
25-11-18 17:32:26 - [INFO] - eda_insights - Saved gender-wise premium analysis
25-11-18 17:32:26 - [INFO] - eda_insights - Saved age-wise premium analysis
25-11-18 17:32:27 - [INFO] - eda_insights - Saved gender balance analysis
25-11-18 17:32:27 - [INFO] - eda_insights - Saved vehicle age-wise premium analysis
25-11-18 17:32:27 - [INFO] - eda_insights - Saved response rate by vehicle damage analysis
25-11-18 17:32:28 - [INFO] - eda_insights - Saved premium by previous insurance analysis
25-11-18 17:32:30 - [INFO] - eda_insights - Saved all sales channel performance plots separately
25-11-18 17:32:30 - [INFO] - eda_insights - Variance calculation completed.
25-11-18 17:32:30 - [INFO] - eda_insights - EDA Report generated: eda_report\eda_report.txt
25-11-18 17:32:30 - [INFO] - eda_insights - EDA Insights module completed.
